<?xml version="1.0" encoding="UTF-8"?>
<!-- Generated by org.testng.reporters.JUnitReportReporter -->
<testsuite hostname="DESKTOP-IGBPCA6" failures="0" tests="4" name="cucumberOption.TestNG_Runner" time="5.291" errors="0" timestamp="2024-12-11T18:40:56 IST" skipped="0">
  <testcase classname="cucumberOption.TestNG_Runner" name="runScenario" time="4.150"/>
  <testcase classname="cucumberOption.TestNG_Runner" name="runScenario" time="0.395"/>
  <testcase classname="cucumberOption.TestNG_Runner" name="runScenario" time="0.551"/>
  <testcase classname="cucumberOption.TestNG_Runner" name="runScenario" time="0.195"/>
</testsuite> <!-- cucumberOption.TestNG_Runner -->
